<?xml version="1.0" encoding="UTF-8"?>
<!-- Generated by org.testng.reporters.JUnitReportReporter -->
<testsuite hostname="ASUS" failures="0" tests="1" name="booking.runner.TestRunner" time="13.815" errors="0" timestamp="2024-12-13T23:03:49 PET" skipped="0">
  <testcase classname="booking.runner.TestRunner" name="runScenario" time="13.815"/>
  <system-out/>
</testsuite> <!-- booking.runner.TestRunner -->
