<?xml version="1.0" encoding="UTF-8"?>
<!-- Generated by org.testng.reporters.JUnitReportReporter -->
<testsuite hostname="ASUS" failures="0" tests="1" name="booking.runner.TestRunner" time="97.149" errors="0" timestamp="2024-12-17T22:04:16 PET" skipped="0">
  <testcase classname="booking.runner.TestRunner" name="runScenario" time="97.149"/>
</testsuite> <!-- booking.runner.TestRunner -->
