<?xml version="1.0" encoding="UTF-8"?>
<!-- Generated by org.testng.reporters.JUnitReportReporter -->
<testsuite hostname="ASUS" failures="0" tests="1" name="booking.runner.TestRunner" time="83.488" errors="0" timestamp="2024-12-14T00:51:27 PET" skipped="0">
  <testcase classname="booking.runner.TestRunner" name="runScenario" time="83.488"/>
  <system-out/>
</testsuite> <!-- booking.runner.TestRunner -->
